<?xml version="1.0" encoding="UTF-8"?>
<!-- Generated by org.testng.reporters.JUnitReportReporter -->
<testsuite hostname="LAPTOP-RAQOTQJ9" failures="0" tests="5" name="Playwright_Automation.FindLocator" time="103.346" errors="1" timestamp="2024-09-15T17:53:43 BDT" skipped="0">
  <testcase classname="Playwright_Automation.FindLocator" name="openUrl" time="6.847"/>
  <testcase classname="Playwright_Automation.FindLocator" name="getTitle" time="0.019"/>
  <testcase classname="Playwright_Automation.FindLocator" name="locator" time="61.486"/>
  <testcase classname="Playwright_Automation.FindLocator" name="login" time="26.794"/>
  <testcase classname="Playwright_Automation.FindLocator" name="alert" time="8.200">
    <error message="Error {
  message=&#039;Error: Element is not an &lt;input&gt;, &lt;textarea&gt; or [contenteditable] element
  name=&#039;Error
  stack=&#039;Error: Error: Element is not an &lt;input&gt;, &lt;textarea&gt; or [contenteditable] element
    at CRExecutionContext.evaluateWithArguments (C:\Users\benny\AppData\Local\Temp\playwright-java-15395286297426707904\package\lib\server\chromium\crExecutionContext.js:92:33)
    at async LongStandingScope._race (C:\Users\benny\AppData\Local\Temp\playwright-java-15395286297426707904\package\lib\utils\manualPromise.js:96:14)
    at async evaluateExpression (C:\Users\benny\AppData\Local\Temp\playwright-java-15395286297426707904\package\lib\server\javascript.js:242:12)
    at async ElementHandle.evaluateInUtility (C:\Users\benny\AppData\Local\Temp\playwright-java-15395286297426707904\package\lib\server\dom.js:126:14)
    at async C:\Users\benny\AppData\Local\Temp\playwright-java-15395286297426707904\package\lib\server\dom.js:534:22
    at async ElementHandle._retryAction (C:\Users\benny\AppData\Local\Temp\playwright-java-15395286297426707904\package\lib\server\dom.js:266:22)
    at async ElementHandle._fill (C:\Users\benny\AppData\Local\Temp\playwright-java-15395286297426707904\package\lib\server\dom.js:531:12)
    at async C:\Users\benny\AppData\Local\Temp\playwright-java-15395286297426707904\package\lib\server\dom.js:525:22
    at async ProgressController.run (C:\Users\benny\AppData\Local\Temp\playwright-java-15395286297426707904\package\lib\server\progress.js:82:22)
    at async ElementHandleDispatcher.fill (C:\Users\benny\AppData\Local\Temp\playwright-java-15395286297426707904\package\lib\server\dispatchers\elementHandlerDispatcher.js:142:12)
}
Call log:
-   fill(&quot;Moin Khan&quot;)
- attempting fill action
-   waiting for element to be visible, enabled and editable
" type="com.microsoft.playwright.PlaywrightException">
      <![CDATA[com.microsoft.playwright.PlaywrightException: Error {
  message='Error: Element is not an <input>, <textarea> or [contenteditable] element
  name='Error
  stack='Error: Error: Element is not an <input>, <textarea> or [contenteditable] element
    at CRExecutionContext.evaluateWithArguments (C:\Users\benny\AppData\Local\Temp\playwright-java-15395286297426707904\package\lib\server\chromium\crExecutionContext.js:92:33)
    at async LongStandingScope._race (C:\Users\benny\AppData\Local\Temp\playwright-java-15395286297426707904\package\lib\utils\manualPromise.js:96:14)
    at async evaluateExpression (C:\Users\benny\AppData\Local\Temp\playwright-java-15395286297426707904\package\lib\server\javascript.js:242:12)
    at async ElementHandle.evaluateInUtility (C:\Users\benny\AppData\Local\Temp\playwright-java-15395286297426707904\package\lib\server\dom.js:126:14)
    at async C:\Users\benny\AppData\Local\Temp\playwright-java-15395286297426707904\package\lib\server\dom.js:534:22
    at async ElementHandle._retryAction (C:\Users\benny\AppData\Local\Temp\playwright-java-15395286297426707904\package\lib\server\dom.js:266:22)
    at async ElementHandle._fill (C:\Users\benny\AppData\Local\Temp\playwright-java-15395286297426707904\package\lib\server\dom.js:531:12)
    at async C:\Users\benny\AppData\Local\Temp\playwright-java-15395286297426707904\package\lib\server\dom.js:525:22
    at async ProgressController.run (C:\Users\benny\AppData\Local\Temp\playwright-java-15395286297426707904\package\lib\server\progress.js:82:22)
    at async ElementHandleDispatcher.fill (C:\Users\benny\AppData\Local\Temp\playwright-java-15395286297426707904\package\lib\server\dispatchers\elementHandlerDispatcher.js:142:12)
}
Call log:
-   fill("Moin Khan")
- attempting fill action
-   waiting for element to be visible, enabled and editable

at com.microsoft.playwright.impl.WaitableResult.get(WaitableResult.java:56)
at com.microsoft.playwright.impl.ChannelOwner.runUntil(ChannelOwner.java:120)
at com.microsoft.playwright.impl.Connection.sendMessage(Connection.java:130)
at com.microsoft.playwright.impl.ChannelOwner.sendMessage(ChannelOwner.java:106)
at com.microsoft.playwright.impl.ElementHandleImpl.fillImpl(ElementHandleImpl.java:194)
at com.microsoft.playwright.impl.ElementHandleImpl.lambda$fill$10(ElementHandleImpl.java:185)
at com.microsoft.playwright.impl.LoggingSupport.lambda$withLogging$0(LoggingSupport.java:36)
at com.microsoft.playwright.impl.LoggingSupport.withLogging(LoggingSupport.java:47)
at com.microsoft.playwright.impl.ChannelOwner.withLogging(ChannelOwner.java:89)
at com.microsoft.playwright.impl.LoggingSupport.withLogging(LoggingSupport.java:35)
at com.microsoft.playwright.impl.ElementHandleImpl.fill(ElementHandleImpl.java:185)
at com.microsoft.playwright.ElementHandle.fill(ElementHandle.java:1612)
at Playwright_Automation.FindLocator.alert(FindLocator.java:136)
at java.base/jdk.internal.reflect.DirectMethodHandleAccessor.invoke(DirectMethodHandleAccessor.java:103)
at java.base/java.lang.reflect.Method.invoke(Method.java:580)
at org.testng.internal.invokers.MethodInvocationHelper.invokeMethod(MethodInvocationHelper.java:141)
at org.testng.internal.invokers.TestInvoker.invokeMethod(TestInvoker.java:686)
at org.testng.internal.invokers.TestInvoker.invokeTestMethod(TestInvoker.java:230)
at org.testng.internal.invokers.MethodRunner.runInSequence(MethodRunner.java:63)
at org.testng.internal.invokers.TestInvoker$MethodInvocationAgent.invoke(TestInvoker.java:992)
at org.testng.internal.invokers.TestInvoker.invokeTestMethods(TestInvoker.java:203)
at org.testng.internal.invokers.TestMethodWorker.invokeTestMethods(TestMethodWorker.java:154)
at org.testng.internal.invokers.TestMethodWorker.run(TestMethodWorker.java:134)
at java.base/java.util.ArrayList.forEach(ArrayList.java:1596)
at org.testng.TestRunner.privateRun(TestRunner.java:739)
at org.testng.TestRunner.run(TestRunner.java:614)
at org.testng.SuiteRunner.runTest(SuiteRunner.java:421)
at org.testng.SuiteRunner.runSequentially(SuiteRunner.java:413)
at org.testng.SuiteRunner.privateRun(SuiteRunner.java:373)
at org.testng.SuiteRunner.run(SuiteRunner.java:312)
at org.testng.SuiteRunnerWorker.runSuite(SuiteRunnerWorker.java:52)
at org.testng.SuiteRunnerWorker.run(SuiteRunnerWorker.java:95)
at org.testng.TestNG.runSuitesSequentially(TestNG.java:1274)
at org.testng.TestNG.runSuitesLocally(TestNG.java:1208)
at org.testng.TestNG.runSuites(TestNG.java:1112)
at org.testng.TestNG.run(TestNG.java:1079)
at org.testng.remote.AbstractRemoteTestNG.run(AbstractRemoteTestNG.java:115)
at org.testng.remote.RemoteTestNG.initAndRun(RemoteTestNG.java:293)
at org.testng.remote.RemoteTestNG.main(RemoteTestNG.java:91)
Caused by: com.microsoft.playwright.impl.DriverException: Error {
  message='Error: Element is not an <input>, <textarea> or [contenteditable] element
  name='Error
  stack='Error: Error: Element is not an <input>, <textarea> or [contenteditable] element
    at CRExecutionContext.evaluateWithArguments (C:\Users\benny\AppData\Local\Temp\playwright-java-15395286297426707904\package\lib\server\chromium\crExecutionContext.js:92:33)
    at async LongStandingScope._race (C:\Users\benny\AppData\Local\Temp\playwright-java-15395286297426707904\package\lib\utils\manualPromise.js:96:14)
    at async evaluateExpression (C:\Users\benny\AppData\Local\Temp\playwright-java-15395286297426707904\package\lib\server\javascript.js:242:12)
    at async ElementHandle.evaluateInUtility (C:\Users\benny\AppData\Local\Temp\playwright-java-15395286297426707904\package\lib\server\dom.js:126:14)
    at async C:\Users\benny\AppData\Local\Temp\playwright-java-15395286297426707904\package\lib\server\dom.js:534:22
    at async ElementHandle._retryAction (C:\Users\benny\AppData\Local\Temp\playwright-java-15395286297426707904\package\lib\server\dom.js:266:22)
    at async ElementHandle._fill (C:\Users\benny\AppData\Local\Temp\playwright-java-15395286297426707904\package\lib\server\dom.js:531:12)
    at async C:\Users\benny\AppData\Local\Temp\playwright-java-15395286297426707904\package\lib\server\dom.js:525:22
    at async ProgressController.run (C:\Users\benny\AppData\Local\Temp\playwright-java-15395286297426707904\package\lib\server\progress.js:82:22)
    at async ElementHandleDispatcher.fill (C:\Users\benny\AppData\Local\Temp\playwright-java-15395286297426707904\package\lib\server\dispatchers\elementHandlerDispatcher.js:142:12)
}
Call log:
-   fill("Moin Khan")
- attempting fill action
-   waiting for element to be visible, enabled and editable

at com.microsoft.playwright.impl.Connection.dispatch(Connection.java:259)
at com.microsoft.playwright.impl.Connection.processOneMessage(Connection.java:211)
at com.microsoft.playwright.impl.ChannelOwner.runUntil(ChannelOwner.java:118)
... 37 more
]]>
    </error>
  </testcase> <!-- alert -->
</testsuite> <!-- Playwright_Automation.FindLocator -->
