<?xml version="1.0" encoding="UTF-8"?>
<!-- Generated by org.testng.reporters.JUnitReportReporter -->
<testsuite hostname="LAPTOP-RAQOTQJ9" failures="0" tests="3" name="Playwright_Automation.FindLocator" time="85.096" errors="0" timestamp="2024-09-11T10:49:37 BDT" skipped="0">
  <testcase classname="Playwright_Automation.FindLocator" name="openUrl" time="7.203"/>
  <testcase classname="Playwright_Automation.FindLocator" name="getTitle" time="0.029"/>
  <testcase classname="Playwright_Automation.FindLocator" name="locator" time="77.864"/>
</testsuite> <!-- Playwright_Automation.FindLocator -->
